0 info it worked if it ends with ok
1 verbose cli [ 'C:\\Program Files\\nodejs\\node.exe',
1 verbose cli   'C:\\Program Files\\nodejs\\node_modules\\npm\\bin\\npm-cli.js',
1 verbose cli   'start' ]
2 info using npm@3.10.10
3 info using node@v6.9.5
4 verbose run-script [ 'prestart', 'start', 'poststart' ]
5 info lifecycle lab7@1.0.0~prestart: lab7@1.0.0
6 silly lifecycle lab7@1.0.0~prestart: no script for prestart, continuing
7 info lifecycle lab7@1.0.0~start: lab7@1.0.0
8 verbose lifecycle lab7@1.0.0~start: unsafe-perm in lifecycle true
9 verbose lifecycle lab7@1.0.0~start: PATH: C:\Program Files\nodejs\node_modules\npm\bin\node-gyp-bin;C:\xampp\htdocs\WebSci\Projects\Labs\lab7\node_modules\.bin;C:\ProgramData\Oracle\Java\javapath;C:\Program Files (x86)\Intel\iCLS Client\;C:\Program Files\Intel\iCLS Client\;C:\Windows\system32;C:\Windows;C:\Windows\System32\Wbem;C:\Windows\System32\WindowsPowerShell\v1.0\;C:\Program Files\Lenovo\Fingerprint Manager Pro\;C:\Program Files\Intel\Intel(R) Management Engine Components\DAL;C:\Program Files (x86)\Intel\Intel(R) Management Engine Components\DAL;C:\Program Files\Intel\Intel(R) Management Engine Components\IPT;C:\Program Files (x86)\Intel\Intel(R) Management Engine Components\IPT;C:\Program Files\MATLAB\R2015a\bin;C:\Program Files (x86)\Lenovo\Password Manager\;C:\Program Files (x86)\QuickTime\QTSystem\;C:\Users\wangm13\AppData\Local\Android\android-sdk\platform-tools;C:\Users\wangm13\AppData\Local\Android\android-sdk\tools;C:\Program Files\MiKTeX 2.9\miktex\bin\x64\;C:\Program Files\Java\jdk1.8.0_101\bin;C:\Program Files\Git\cmd;C:\Program Files\Git\mingw64\bin;C:\Program Files\Git\usr\bin;C:\Program Files\CMake\bin;C:\Program Files (x86)\Gource\cmd;C:\Program Files\Intel\WiFi\bin\;C:\Program Files\Common Files\Intel\WirelessCommon\C:\Program Files\MongoDB\Server\3.2\bin;C:\Program Files\Intel\WiFi\bin\;C:\Program Files\Common Files\Intel\WirelessCommon\;C:\Program Files\nodejs\;C:\Program Files (x86)\Skype\Phone\;C:\Program Files (x86)\Dr. Memory\bin\;C:\Program Files (x86)\Nmap;C:\Users\wangm13\Downloads\ffmpeg-3.1.4;C:\Program Files\MongoDB\Server\3.2\bin;C:\Program Files\Sublime Text 3;C:\Python27;C:\Program Files\Intel\WiFi\bin\;C:\Program Files\Common Files\Intel\WirelessCommon\;C:\Users\wangm13\AppData\Roaming\npm
10 verbose lifecycle lab7@1.0.0~start: CWD: C:\xampp\htdocs\WebSci\Projects\Labs\lab7
11 silly lifecycle lab7@1.0.0~start: Args: [ '/d /s /c', 'node index.js' ]
12 silly lifecycle lab7@1.0.0~start: Returned: code: 1  signal: null
13 info lifecycle lab7@1.0.0~start: Failed to exec start script
14 verbose stack Error: lab7@1.0.0 start: `node index.js`
14 verbose stack Exit status 1
14 verbose stack     at EventEmitter.<anonymous> (C:\Program Files\nodejs\node_modules\npm\lib\utils\lifecycle.js:255:16)
14 verbose stack     at emitTwo (events.js:106:13)
14 verbose stack     at EventEmitter.emit (events.js:191:7)
14 verbose stack     at ChildProcess.<anonymous> (C:\Program Files\nodejs\node_modules\npm\lib\utils\spawn.js:40:14)
14 verbose stack     at emitTwo (events.js:106:13)
14 verbose stack     at ChildProcess.emit (events.js:191:7)
14 verbose stack     at maybeClose (internal/child_process.js:877:16)
14 verbose stack     at Process.ChildProcess._handle.onexit (internal/child_process.js:226:5)
15 verbose pkgid lab7@1.0.0
16 verbose cwd C:\xampp\htdocs\WebSci\Projects\Labs\lab7
17 error Windows_NT 6.3.9600
18 error argv "C:\\Program Files\\nodejs\\node.exe" "C:\\Program Files\\nodejs\\node_modules\\npm\\bin\\npm-cli.js" "start"
19 error node v6.9.5
20 error npm  v3.10.10
21 error code ELIFECYCLE
22 error lab7@1.0.0 start: `node index.js`
22 error Exit status 1
23 error Failed at the lab7@1.0.0 start script 'node index.js'.
23 error Make sure you have the latest version of node.js and npm installed.
23 error If you do, this is most likely a problem with the lab7 package,
23 error not with npm itself.
23 error Tell the author that this fails on your system:
23 error     node index.js
23 error You can get information on how to open an issue for this project with:
23 error     npm bugs lab7
23 error Or if that isn't available, you can get their info via:
23 error     npm owner ls lab7
23 error There is likely additional logging output above.
24 verbose exit [ 1, true ]
